<?xml version="1.0" encoding="UTF-8"?>
<testsuite name="testA" tests="1" skipped="0" failures="0" errors="0" timestamp="2019-05-31T19:56:33" hostname="Dante-Komputer" time="41.476">
  <properties/>
  <testcase name="test" classname="testA" time="41.476"/>
  <system-out><![CDATA[]]></system-out>
  <system-err><![CDATA[Starting ChromeDriver 74.0.3729.6 (255758eccf3d244491b8a1317aa76e1ce10d57e9-refs/branch-heads/3729@{#29}) on port 14736
Only local connections are allowed.
Please protect ports used by ChromeDriver and related test frameworks to prevent access by malicious code.
maj 31, 2019 9:56:37 PM org.openqa.selenium.remote.ProtocolHandshake createSession
INFO: Detected dialect: OSS
]]></system-err>
</testsuite>
